-r-xr-xr-x    2077092 bin32/createcert
-r-xr-xr-x    1456848 bin32/createkey
-r-xr-xr-x     414440 bin32/dbbackup
-r-xr-xr-x     465124 bin32/dbdsn
-r-xr-xr-x      36628 bin32/dbexternc16
-r-xr-xr-x     413028 bin32/dbfhide
-r-xr-xr-x     835764 bin32/dbisqlc
-r-xr-xr-x     460136 bin32/dblocate
-r-xr-xr-x     806508 bin32/dbns16
-r-xr-xr-x     427332 bin32/dbping
-r-xr-xr-x     630360 bin32/dbsupport
-r-xr-xr-x     486184 bin32/dbtsinfo
-r-xr-xr-x     419400 bin32/dbunload
-r-xr-xr-x     413160 bin32/dbupgrad
-r-xr-xr-x     414308 bin32/dbvalid
-r-xr-xr-x     431864 bin32/dbversion
-r-xr-xr-x       5250 bin32/htmlview
-r-xr-xr-x       4455 bin32/perlenv.pl
-r-xr-xr-x       7014 bin32/phpenv.php
-r-xr-xr-x    2044212 bin32/viewcert
-r-xr-xr-x    2210368 bin64/createcert
-r-xr-xr-x    1548440 bin64/createkey
-r-xr-xr-x     427216 bin64/dbbackup
-r-xr-xr-x     481096 bin64/dbdsn
-r-xr-xr-x      42344 bin64/dbexternc16
-r-xr-xr-x     425832 bin64/dbfhide
-r-xr-xr-x     861432 bin64/dbisqlc
-r-xr-xr-x     472816 bin64/dblocate
-r-xr-xr-x     830152 bin64/dbns16
-r-xr-xr-x     439272 bin64/dbping
-r-xr-xr-x     640856 bin64/dbsupport
-r-xr-xr-x     494992 bin64/dbtsinfo
-r-xr-xr-x     434864 bin64/dbunload
-r-xr-xr-x     426160 bin64/dbupgrad
-r-xr-xr-x     426920 bin64/dbvalid
-r-xr-xr-x     448512 bin64/dbversion
-r-xr-xr-x       5250 bin64/htmlview
-r-xr-xr-x       4455 bin64/perlenv.pl
-r-xr-xr-x       7014 bin64/phpenv.php
-r-xr-xr-x    2181408 bin64/viewcert
-r-xr-xr-x     393508 deployment/bin32/csconvert
-r-xr-xr-x    1296868 deployment/bin32/dbinstall
-r-xr-xr-x     208532 deployment/bin32/gsetup
-r-xr-xr-x     405800 deployment/bin64/csconvert
-r-xr-xr-x    1355472 deployment/bin64/dbinstall
-r-xr-xr-x     222432 deployment/bin64/gsetup
-rw-r--r--     172140 deployment/deploy.noarch.tic
-r-xr-xr-x       5180 deployment/deployment_wizard.sh
lrwxrwxrwx         15 deployment/lib32/libdbicu16.so
-r-xr-xr-x    1491204 deployment/lib32/libdbicu16.so.1
lrwxrwxrwx         17 deployment/lib32/libdbicu16_r.so
-r-xr-xr-x    1492644 deployment/lib32/libdbicu16_r.so.1
lrwxrwxrwx         17 deployment/lib32/libdbtasks16.so
-r-xr-xr-x     100196 deployment/lib32/libdbtasks16.so.1
lrwxrwxrwx         19 deployment/lib32/libdbtasks16_r.so
-r-xr-xr-x     112708 deployment/lib32/libdbtasks16_r.so.1
lrwxrwxrwx         15 deployment/lib64/libdbicu16.so
-r-xr-xr-x    1607920 deployment/lib64/libdbicu16.so.1
lrwxrwxrwx         17 deployment/lib64/libdbicu16_r.so
-r-xr-xr-x    1609136 deployment/lib64/libdbicu16_r.so.1
lrwxrwxrwx         17 deployment/lib64/libdbtasks16.so
-r-xr-xr-x     107560 deployment/lib64/libdbtasks16.so.1
lrwxrwxrwx         19 deployment/lib64/libdbtasks16_r.so
-r-xr-xr-x     120336 deployment/lib64/libdbtasks16_r.so.1
-r--r--r--    4272144 deployment/res/dbicudt16.dat
-r--r--r--      13608 deployment/res/language/all_langs_icon_resources_utf8.txt
-r-xr-xr-x      23615 deployment/res/language/common.sh
-r--r--r--      75610 deployment/res/language/de/messages.txt
-r--r--r--      69477 deployment/res/language/en/messages.txt
-r--r--r--      77280 deployment/res/language/fr/messages.txt
-r--r--r--      84657 deployment/res/language/ja/messages.txt
-r--r--r--      66404 deployment/res/language/zh/messages.txt
-r--r--r--       1164 deployment/res/scripts/array.sh
-r--r--r--       2217 deployment/res/scripts/checkupdates.sh
-r-xr-xr-x       1111 deployment/res/scripts/cleanup.sh
-r--r--r--       1595 deployment/res/scripts/client_flow.sh
-r--r--r--       6771 deployment/res/scripts/cmdline.sh
-r-xr-xr-x       5252 deployment/res/scripts/component_spt.sh
-rw-r--r--        374 deployment/res/scripts/config.sh
-r--r--r--      26719 deployment/res/scripts/console_ui.sh
-r--r--r--        414 deployment/res/scripts/csconvert.sh
-r--r--r--       1030 deployment/res/scripts/csh_support.sh
-r--r--r--       8795 deployment/res/scripts/dbcloud.sh
-r--r--r--       3458 deployment/res/scripts/dbcloud_flow.sh
-r--r--r--       1287 deployment/res/scripts/deploy_flow.sh
-r--r--r--        729 deployment/res/scripts/deploy_wizard.sh
-r--r--r--       7904 deployment/res/scripts/directory.sh
-r--r--r--       1954 deployment/res/scripts/diskspace.sh
-r--r--r--        986 deployment/res/scripts/distro.sh
-r--r--r--       1577 deployment/res/scripts/doc_flow.sh
-r--r--r--       1109 deployment/res/scripts/feature_tracking.sh
-r--r--r--      31047 deployment/res/scripts/generated.sh
-r-xr-xr-x      58853 deployment/res/scripts/installicon.sh
-r--r--r--      12398 deployment/res/scripts/interactive_ui.sh
-r-xr-xr-x        622 deployment/res/scripts/language.sh
-r--r--r--       6900 deployment/res/scripts/license.sh
-r--r--r--        410 deployment/res/scripts/licenser_flow.sh
-r--r--r--       2951 deployment/res/scripts/links.sh
-r--r--r--       4731 deployment/res/scripts/options.sh
-r--r--r--       4647 deployment/res/scripts/os.sh
-r--r--r--       9271 deployment/res/scripts/package.sh
-r--r--r--        996 deployment/res/scripts/panel.sh
-r--r--r--       2862 deployment/res/scripts/platform.sh
-rw-r--r--       3418 deployment/res/scripts/populate_menus.sh
-r--r--r--       2204 deployment/res/scripts/registration.sh
-r--r--r--        763 deployment/res/scripts/rollback.sh
-r--r--r--      13500 deployment/res/scripts/runinstall.sh
-r--r--r--       7006 deployment/res/scripts/samon.sh
-r--r--r--       3181 deployment/res/scripts/samon_flow.sh
-r--r--r--        838 deployment/res/scripts/sh_support.sh
-r-xr-xr-x       1019 deployment/res/scripts/shortcuts.sh
-r-xr-xr-x        545 deployment/res/scripts/sighndlr.sh
-r--r--r--       5902 deployment/res/scripts/silent_ui.sh
-r--r--r--       5418 deployment/res/scripts/standard_flow.sh
-r--r--r--       1460 deployment/res/scripts/summary.sh
-r--r--r--       1869 deployment/res/scripts/sybasecentral.sh
-r--r--r--        934 deployment/res/scripts/ui.sh
-r--r--r--       3091 deployment/res/scripts/upgrade.sh
-r-xr-xr-x       1014 deployment/res/scripts/user.sh
-r--r--r--       2803 deployment/res/scripts/utility.sh
-r--r--r--       2537 deployment/res/scripts/versioning.sh
-r--r--r--     320074 java/jodbc4.jar
-r--r--r--     319364 java/sajdbc4.jar
lrwxrwxrwx         14 lib32/libdbcapi.so
-r-xr-xr-x     116424 lib32/libdbcapi.so.1
lrwxrwxrwx         16 lib32/libdbcapi_r.so
-r-xr-xr-x     116460 lib32/libdbcapi_r.so.1
lrwxrwxrwx         20 lib32/libdbextenv16_r.so
-r-xr-xr-x     468680 lib32/libdbextenv16_r.so.1
lrwxrwxrwx         15 lib32/libdbicu16.so
-r-xr-xr-x    1491280 lib32/libdbicu16.so.1
lrwxrwxrwx         17 lib32/libdbicu16_r.so
-r-xr-xr-x    1492724 lib32/libdbicu16_r.so.1
lrwxrwxrwx         17 lib32/libdbicudt16.so
-r-xr-xr-x    4276992 lib32/libdbicudt16.so.1
lrwxrwxrwx         16 lib32/libdbjdbc16.so
-r-xr-xr-x    2370204 lib32/libdbjdbc16.so.1
lrwxrwxrwx         17 lib32/libdbjodbc16.so
-r-xr-xr-x     756220 lib32/libdbjodbc16.so.1
lrwxrwxrwx         15 lib32/libdblib16.so
-r-xr-xr-x    1202168 lib32/libdblib16.so.1
lrwxrwxrwx         17 lib32/libdblib16_r.so
-r-xr-xr-x    1223580 lib32/libdblib16_r.so.1
lrwxrwxrwx         16 lib32/libdbodbc16.so
-r-xr-xr-x     108328 lib32/libdbodbc16.so.1
lrwxrwxrwx         18 lib32/libdbodbc16_n.so
-r-xr-xr-x    1424028 lib32/libdbodbc16_n.so.1
lrwxrwxrwx         18 lib32/libdbodbc16_r.so
-r-xr-xr-x    1448700 lib32/libdbodbc16_r.so.1
lrwxrwxrwx         22 lib32/libdbodbcansi16_r.so
-r-xr-xr-x    1444672 lib32/libdbodbcansi16_r.so.1
lrwxrwxrwx         22 lib32/libdbodbcinst16_r.so
-r-xr-xr-x     439288 lib32/libdbodbcinst16_r.so.1
lrwxrwxrwx         15 lib32/libdbodm16.so
-r-xr-xr-x     553264 lib32/libdbodm16.so.1
lrwxrwxrwx         17 lib32/libdboftsp_r.so
-r-xr-xr-x      79196 lib32/libdboftsp_r.so.1
lrwxrwxrwx         15 lib32/libdbrsa16.so
-r-xr-xr-x    1909496 lib32/libdbrsa16.so.1
lrwxrwxrwx         17 lib32/libdbrsa16_r.so
-r-xr-xr-x    1910652 lib32/libdbrsa16_r.so.1
lrwxrwxrwx         20 lib32/libdbscript16_r.so
-r-xr-xr-x    1028608 lib32/libdbscript16_r.so.1
lrwxrwxrwx         17 lib32/libdbtasks16.so
-r-xr-xr-x     100276 lib32/libdbtasks16.so.1
lrwxrwxrwx         19 lib32/libdbtasks16_r.so
-r-xr-xr-x     112788 lib32/libdbtasks16_r.so.1
lrwxrwxrwx         18 lib32/libdbtool16_r.so
-r-xr-xr-x    1988268 lib32/libdbtool16_r.so.1
lrwxrwxrwx         20 lib32/libodbcinst.so
lrwxrwxrwx         22 lib32/libodbcinst.so.1
-r-xr-xr-x    2035624 lib32/libsybaseldap.so.15.7.0.12
lrwxrwxrwx         26 lib32/php-5.1.1_sqlanywhere.so
-r-xr-xr-x      77480 lib32/php-5.1.1_sqlanywhere.so.1
lrwxrwxrwx         37 lib32/php-5.1.1_sqlanywhere_extenv16_r.so
-r-xr-xr-x      32752 lib32/php-5.1.1_sqlanywhere_extenv16_r.so.1
lrwxrwxrwx         28 lib32/php-5.1.1_sqlanywhere_r.so
-r-xr-xr-x      77980 lib32/php-5.1.1_sqlanywhere_r.so.1
lrwxrwxrwx         26 lib32/php-5.1.2_sqlanywhere.so
-r-xr-xr-x      77480 lib32/php-5.1.2_sqlanywhere.so.1
lrwxrwxrwx         37 lib32/php-5.1.2_sqlanywhere_extenv16_r.so
-r-xr-xr-x      32752 lib32/php-5.1.2_sqlanywhere_extenv16_r.so.1
lrwxrwxrwx         28 lib32/php-5.1.2_sqlanywhere_r.so
-r-xr-xr-x      77980 lib32/php-5.1.2_sqlanywhere_r.so.1
lrwxrwxrwx         26 lib32/php-5.1.3_sqlanywhere.so
-r-xr-xr-x      77480 lib32/php-5.1.3_sqlanywhere.so.1
lrwxrwxrwx         37 lib32/php-5.1.3_sqlanywhere_extenv16_r.so
-r-xr-xr-x      32752 lib32/php-5.1.3_sqlanywhere_extenv16_r.so.1
lrwxrwxrwx         28 lib32/php-5.1.3_sqlanywhere_r.so
-r-xr-xr-x      77980 lib32/php-5.1.3_sqlanywhere_r.so.1
lrwxrwxrwx         26 lib32/php-5.1.4_sqlanywhere.so
-r-xr-xr-x      77480 lib32/php-5.1.4_sqlanywhere.so.1
lrwxrwxrwx         37 lib32/php-5.1.4_sqlanywhere_extenv16_r.so
-r-xr-xr-x      32752 lib32/php-5.1.4_sqlanywhere_extenv16_r.so.1
lrwxrwxrwx         28 lib32/php-5.1.4_sqlanywhere_r.so
-r-xr-xr-x      77980 lib32/php-5.1.4_sqlanywhere_r.so.1
lrwxrwxrwx         26 lib32/php-5.1.5_sqlanywhere.so
-r-xr-xr-x      77480 lib32/php-5.1.5_sqlanywhere.so.1
lrwxrwxrwx         37 lib32/php-5.1.5_sqlanywhere_extenv16_r.so
-r-xr-xr-x      32752 lib32/php-5.1.5_sqlanywhere_extenv16_r.so.1
lrwxrwxrwx         28 lib32/php-5.1.5_sqlanywhere_r.so
-r-xr-xr-x      77980 lib32/php-5.1.5_sqlanywhere_r.so.1
lrwxrwxrwx         26 lib32/php-5.1.6_sqlanywhere.so
-r-xr-xr-x      77480 lib32/php-5.1.6_sqlanywhere.so.1
lrwxrwxrwx         37 lib32/php-5.1.6_sqlanywhere_extenv16_r.so
-r-xr-xr-x      32752 lib32/php-5.1.6_sqlanywhere_extenv16_r.so.1
lrwxrwxrwx         28 lib32/php-5.1.6_sqlanywhere_r.so
-r-xr-xr-x      77980 lib32/php-5.1.6_sqlanywhere_r.so.1
lrwxrwxrwx         26 lib32/php-5.2.0_sqlanywhere.so
-r-xr-xr-x      77480 lib32/php-5.2.0_sqlanywhere.so.1
lrwxrwxrwx         37 lib32/php-5.2.0_sqlanywhere_extenv16_r.so
-r-xr-xr-x      32752 lib32/php-5.2.0_sqlanywhere_extenv16_r.so.1
lrwxrwxrwx         28 lib32/php-5.2.0_sqlanywhere_r.so
-r-xr-xr-x      77980 lib32/php-5.2.0_sqlanywhere_r.so.1
lrwxrwxrwx         27 lib32/php-5.2.10_sqlanywhere.so
-r-xr-xr-x      77704 lib32/php-5.2.10_sqlanywhere.so.1
lrwxrwxrwx         38 lib32/php-5.2.10_sqlanywhere_extenv16_r.so
-r-xr-xr-x      32752 lib32/php-5.2.10_sqlanywhere_extenv16_r.so.1
lrwxrwxrwx         29 lib32/php-5.2.10_sqlanywhere_r.so
-r-xr-xr-x      78236 lib32/php-5.2.10_sqlanywhere_r.so.1
lrwxrwxrwx         27 lib32/php-5.2.11_sqlanywhere.so
-r-xr-xr-x      77704 lib32/php-5.2.11_sqlanywhere.so.1
lrwxrwxrwx         38 lib32/php-5.2.11_sqlanywhere_extenv16_r.so
-r-xr-xr-x      32752 lib32/php-5.2.11_sqlanywhere_extenv16_r.so.1
lrwxrwxrwx         29 lib32/php-5.2.11_sqlanywhere_r.so
-r-xr-xr-x      78236 lib32/php-5.2.11_sqlanywhere_r.so.1
lrwxrwxrwx         27 lib32/php-5.2.12_sqlanywhere.so
-r-xr-xr-x      77704 lib32/php-5.2.12_sqlanywhere.so.1
lrwxrwxrwx         38 lib32/php-5.2.12_sqlanywhere_extenv16_r.so
-r-xr-xr-x      32752 lib32/php-5.2.12_sqlanywhere_extenv16_r.so.1
lrwxrwxrwx         29 lib32/php-5.2.12_sqlanywhere_r.so
-r-xr-xr-x      78236 lib32/php-5.2.12_sqlanywhere_r.so.1
lrwxrwxrwx         27 lib32/php-5.2.13_sqlanywhere.so
-r-xr-xr-x      77704 lib32/php-5.2.13_sqlanywhere.so.1
lrwxrwxrwx         38 lib32/php-5.2.13_sqlanywhere_extenv16_r.so
-r-xr-xr-x      32752 lib32/php-5.2.13_sqlanywhere_extenv16_r.so.1
lrwxrwxrwx         29 lib32/php-5.2.13_sqlanywhere_r.so
-r-xr-xr-x      78236 lib32/php-5.2.13_sqlanywhere_r.so.1
lrwxrwxrwx         27 lib32/php-5.2.14_sqlanywhere.so
-r-xr-xr-x      77704 lib32/php-5.2.14_sqlanywhere.so.1
lrwxrwxrwx         38 lib32/php-5.2.14_sqlanywhere_extenv16_r.so
-r-xr-xr-x      32752 lib32/php-5.2.14_sqlanywhere_extenv16_r.so.1
lrwxrwxrwx         29 lib32/php-5.2.14_sqlanywhere_r.so
-r-xr-xr-x      78236 lib32/php-5.2.14_sqlanywhere_r.so.1
lrwxrwxrwx         27 lib32/php-5.2.15_sqlanywhere.so
-r-xr-xr-x      77704 lib32/php-5.2.15_sqlanywhere.so.1
lrwxrwxrwx         38 lib32/php-5.2.15_sqlanywhere_extenv16_r.so
-r-xr-xr-x      32752 lib32/php-5.2.15_sqlanywhere_extenv16_r.so.1
lrwxrwxrwx         29 lib32/php-5.2.15_sqlanywhere_r.so
-r-xr-xr-x      78236 lib32/php-5.2.15_sqlanywhere_r.so.1
lrwxrwxrwx         27 lib32/php-5.2.16_sqlanywhere.so
-r-xr-xr-x      77704 lib32/php-5.2.16_sqlanywhere.so.1
lrwxrwxrwx         38 lib32/php-5.2.16_sqlanywhere_extenv16_r.so
-r-xr-xr-x      32752 lib32/php-5.2.16_sqlanywhere_extenv16_r.so.1
lrwxrwxrwx         29 lib32/php-5.2.16_sqlanywhere_r.so
-r-xr-xr-x      78236 lib32/php-5.2.16_sqlanywhere_r.so.1
lrwxrwxrwx         27 lib32/php-5.2.17_sqlanywhere.so
-r-xr-xr-x      77704 lib32/php-5.2.17_sqlanywhere.so.1
lrwxrwxrwx         38 lib32/php-5.2.17_sqlanywhere_extenv16_r.so
-r-xr-xr-x      32752 lib32/php-5.2.17_sqlanywhere_extenv16_r.so.1
lrwxrwxrwx         29 lib32/php-5.2.17_sqlanywhere_r.so
-r-xr-xr-x      78236 lib32/php-5.2.17_sqlanywhere_r.so.1
lrwxrwxrwx         26 lib32/php-5.2.1_sqlanywhere.so
-r-xr-xr-x      77704 lib32/php-5.2.1_sqlanywhere.so.1
lrwxrwxrwx         37 lib32/php-5.2.1_sqlanywhere_extenv16_r.so
-r-xr-xr-x      32752 lib32/php-5.2.1_sqlanywhere_extenv16_r.so.1
lrwxrwxrwx         28 lib32/php-5.2.1_sqlanywhere_r.so
-r-xr-xr-x      78236 lib32/php-5.2.1_sqlanywhere_r.so.1
lrwxrwxrwx         26 lib32/php-5.2.2_sqlanywhere.so
-r-xr-xr-x      77704 lib32/php-5.2.2_sqlanywhere.so.1
lrwxrwxrwx         37 lib32/php-5.2.2_sqlanywhere_extenv16_r.so
-r-xr-xr-x      32752 lib32/php-5.2.2_sqlanywhere_extenv16_r.so.1
lrwxrwxrwx         28 lib32/php-5.2.2_sqlanywhere_r.so
-r-xr-xr-x      78236 lib32/php-5.2.2_sqlanywhere_r.so.1
lrwxrwxrwx         26 lib32/php-5.2.3_sqlanywhere.so
-r-xr-xr-x      77704 lib32/php-5.2.3_sqlanywhere.so.1
lrwxrwxrwx         37 lib32/php-5.2.3_sqlanywhere_extenv16_r.so
-r-xr-xr-x      32752 lib32/php-5.2.3_sqlanywhere_extenv16_r.so.1
lrwxrwxrwx         28 lib32/php-5.2.3_sqlanywhere_r.so
-r-xr-xr-x      78236 lib32/php-5.2.3_sqlanywhere_r.so.1
lrwxrwxrwx         26 lib32/php-5.2.4_sqlanywhere.so
-r-xr-xr-x      77704 lib32/php-5.2.4_sqlanywhere.so.1
lrwxrwxrwx         37 lib32/php-5.2.4_sqlanywhere_extenv16_r.so
-r-xr-xr-x      32752 lib32/php-5.2.4_sqlanywhere_extenv16_r.so.1
lrwxrwxrwx         28 lib32/php-5.2.4_sqlanywhere_r.so
-r-xr-xr-x      78236 lib32/php-5.2.4_sqlanywhere_r.so.1
lrwxrwxrwx         26 lib32/php-5.2.5_sqlanywhere.so
-r-xr-xr-x      77704 lib32/php-5.2.5_sqlanywhere.so.1
lrwxrwxrwx         37 lib32/php-5.2.5_sqlanywhere_extenv16_r.so
-r-xr-xr-x      32752 lib32/php-5.2.5_sqlanywhere_extenv16_r.so.1
lrwxrwxrwx         28 lib32/php-5.2.5_sqlanywhere_r.so
-r-xr-xr-x      78236 lib32/php-5.2.5_sqlanywhere_r.so.1
lrwxrwxrwx         26 lib32/php-5.2.6_sqlanywhere.so
-r-xr-xr-x      77704 lib32/php-5.2.6_sqlanywhere.so.1
lrwxrwxrwx         37 lib32/php-5.2.6_sqlanywhere_extenv16_r.so
-r-xr-xr-x      32752 lib32/php-5.2.6_sqlanywhere_extenv16_r.so.1
lrwxrwxrwx         28 lib32/php-5.2.6_sqlanywhere_r.so
-r-xr-xr-x      78236 lib32/php-5.2.6_sqlanywhere_r.so.1
lrwxrwxrwx         26 lib32/php-5.2.8_sqlanywhere.so
-r-xr-xr-x      77704 lib32/php-5.2.8_sqlanywhere.so.1
lrwxrwxrwx         37 lib32/php-5.2.8_sqlanywhere_extenv16_r.so
-r-xr-xr-x      32752 lib32/php-5.2.8_sqlanywhere_extenv16_r.so.1
lrwxrwxrwx         28 lib32/php-5.2.8_sqlanywhere_r.so
-r-xr-xr-x      78236 lib32/php-5.2.8_sqlanywhere_r.so.1
lrwxrwxrwx         26 lib32/php-5.2.9_sqlanywhere.so
-r-xr-xr-x      77704 lib32/php-5.2.9_sqlanywhere.so.1
lrwxrwxrwx         37 lib32/php-5.2.9_sqlanywhere_extenv16_r.so
-r-xr-xr-x      32752 lib32/php-5.2.9_sqlanywhere_extenv16_r.so.1
lrwxrwxrwx         28 lib32/php-5.2.9_sqlanywhere_r.so
-r-xr-xr-x      78236 lib32/php-5.2.9_sqlanywhere_r.so.1
lrwxrwxrwx         26 lib32/php-5.3.0_sqlanywhere.so
-r-xr-xr-x      78204 lib32/php-5.3.0_sqlanywhere.so.1
lrwxrwxrwx         37 lib32/php-5.3.0_sqlanywhere_extenv16_r.so
-r-xr-xr-x      32752 lib32/php-5.3.0_sqlanywhere_extenv16_r.so.1
lrwxrwxrwx         28 lib32/php-5.3.0_sqlanywhere_r.so
-r-xr-xr-x      78704 lib32/php-5.3.0_sqlanywhere_r.so.1
lrwxrwxrwx         27 lib32/php-5.3.10_sqlanywhere.so
-r-xr-xr-x      78204 lib32/php-5.3.10_sqlanywhere.so.1
lrwxrwxrwx         38 lib32/php-5.3.10_sqlanywhere_extenv16_r.so
-r-xr-xr-x      32752 lib32/php-5.3.10_sqlanywhere_extenv16_r.so.1
lrwxrwxrwx         29 lib32/php-5.3.10_sqlanywhere_r.so
-r-xr-xr-x      78704 lib32/php-5.3.10_sqlanywhere_r.so.1
lrwxrwxrwx         27 lib32/php-5.3.11_sqlanywhere.so
-r-xr-xr-x      78204 lib32/php-5.3.11_sqlanywhere.so.1
lrwxrwxrwx         38 lib32/php-5.3.11_sqlanywhere_extenv16_r.so
-r-xr-xr-x      32752 lib32/php-5.3.11_sqlanywhere_extenv16_r.so.1
lrwxrwxrwx         29 lib32/php-5.3.11_sqlanywhere_r.so
-r-xr-xr-x      78704 lib32/php-5.3.11_sqlanywhere_r.so.1
lrwxrwxrwx         27 lib32/php-5.3.12_sqlanywhere.so
-r-xr-xr-x      78204 lib32/php-5.3.12_sqlanywhere.so.1
lrwxrwxrwx         38 lib32/php-5.3.12_sqlanywhere_extenv16_r.so
-r-xr-xr-x      32752 lib32/php-5.3.12_sqlanywhere_extenv16_r.so.1
lrwxrwxrwx         29 lib32/php-5.3.12_sqlanywhere_r.so
-r-xr-xr-x      78704 lib32/php-5.3.12_sqlanywhere_r.so.1
lrwxrwxrwx         27 lib32/php-5.3.13_sqlanywhere.so
-r-xr-xr-x      78204 lib32/php-5.3.13_sqlanywhere.so.1
lrwxrwxrwx         38 lib32/php-5.3.13_sqlanywhere_extenv16_r.so
-r-xr-xr-x      32752 lib32/php-5.3.13_sqlanywhere_extenv16_r.so.1
lrwxrwxrwx         29 lib32/php-5.3.13_sqlanywhere_r.so
-r-xr-xr-x      78704 lib32/php-5.3.13_sqlanywhere_r.so.1
lrwxrwxrwx         27 lib32/php-5.3.14_sqlanywhere.so
-r-xr-xr-x      78204 lib32/php-5.3.14_sqlanywhere.so.1
lrwxrwxrwx         38 lib32/php-5.3.14_sqlanywhere_extenv16_r.so
-r-xr-xr-x      32752 lib32/php-5.3.14_sqlanywhere_extenv16_r.so.1
lrwxrwxrwx         29 lib32/php-5.3.14_sqlanywhere_r.so
-r-xr-xr-x      78704 lib32/php-5.3.14_sqlanywhere_r.so.1
lrwxrwxrwx         27 lib32/php-5.3.15_sqlanywhere.so
-r-xr-xr-x      78204 lib32/php-5.3.15_sqlanywhere.so.1
lrwxrwxrwx         38 lib32/php-5.3.15_sqlanywhere_extenv16_r.so
-r-xr-xr-x      32752 lib32/php-5.3.15_sqlanywhere_extenv16_r.so.1
lrwxrwxrwx         29 lib32/php-5.3.15_sqlanywhere_r.so
-r-xr-xr-x      78704 lib32/php-5.3.15_sqlanywhere_r.so.1
lrwxrwxrwx         27 lib32/php-5.3.16_sqlanywhere.so
-r-xr-xr-x      78204 lib32/php-5.3.16_sqlanywhere.so.1
lrwxrwxrwx         38 lib32/php-5.3.16_sqlanywhere_extenv16_r.so
-r-xr-xr-x      32752 lib32/php-5.3.16_sqlanywhere_extenv16_r.so.1
lrwxrwxrwx         29 lib32/php-5.3.16_sqlanywhere_r.so
-r-xr-xr-x      78704 lib32/php-5.3.16_sqlanywhere_r.so.1
lrwxrwxrwx         27 lib32/php-5.3.17_sqlanywhere.so
-r-xr-xr-x      78204 lib32/php-5.3.17_sqlanywhere.so.1
lrwxrwxrwx         38 lib32/php-5.3.17_sqlanywhere_extenv16_r.so
-r-xr-xr-x      32752 lib32/php-5.3.17_sqlanywhere_extenv16_r.so.1
lrwxrwxrwx         29 lib32/php-5.3.17_sqlanywhere_r.so
-r-xr-xr-x      78704 lib32/php-5.3.17_sqlanywhere_r.so.1
lrwxrwxrwx         27 lib32/php-5.3.18_sqlanywhere.so
-r-xr-xr-x      78204 lib32/php-5.3.18_sqlanywhere.so.1
lrwxrwxrwx         38 lib32/php-5.3.18_sqlanywhere_extenv16_r.so
-r-xr-xr-x      32752 lib32/php-5.3.18_sqlanywhere_extenv16_r.so.1
lrwxrwxrwx         29 lib32/php-5.3.18_sqlanywhere_r.so
-r-xr-xr-x      78704 lib32/php-5.3.18_sqlanywhere_r.so.1
lrwxrwxrwx         27 lib32/php-5.3.19_sqlanywhere.so
-r-xr-xr-x      78204 lib32/php-5.3.19_sqlanywhere.so.1
lrwxrwxrwx         38 lib32/php-5.3.19_sqlanywhere_extenv16_r.so
-r-xr-xr-x      32752 lib32/php-5.3.19_sqlanywhere_extenv16_r.so.1
lrwxrwxrwx         29 lib32/php-5.3.19_sqlanywhere_r.so
-r-xr-xr-x      78704 lib32/php-5.3.19_sqlanywhere_r.so.1
lrwxrwxrwx         26 lib32/php-5.3.1_sqlanywhere.so
-r-xr-xr-x      78204 lib32/php-5.3.1_sqlanywhere.so.1
lrwxrwxrwx         37 lib32/php-5.3.1_sqlanywhere_extenv16_r.so
-r-xr-xr-x      32752 lib32/php-5.3.1_sqlanywhere_extenv16_r.so.1
lrwxrwxrwx         28 lib32/php-5.3.1_sqlanywhere_r.so
-r-xr-xr-x      78704 lib32/php-5.3.1_sqlanywhere_r.so.1
lrwxrwxrwx         27 lib32/php-5.3.20_sqlanywhere.so
-r-xr-xr-x      78204 lib32/php-5.3.20_sqlanywhere.so.1
lrwxrwxrwx         38 lib32/php-5.3.20_sqlanywhere_extenv16_r.so
-r-xr-xr-x      32752 lib32/php-5.3.20_sqlanywhere_extenv16_r.so.1
lrwxrwxrwx         29 lib32/php-5.3.20_sqlanywhere_r.so
-r-xr-xr-x      78704 lib32/php-5.3.20_sqlanywhere_r.so.1
lrwxrwxrwx         27 lib32/php-5.3.21_sqlanywhere.so
-r-xr-xr-x      78204 lib32/php-5.3.21_sqlanywhere.so.1
lrwxrwxrwx         38 lib32/php-5.3.21_sqlanywhere_extenv16_r.so
-r-xr-xr-x      32752 lib32/php-5.3.21_sqlanywhere_extenv16_r.so.1
lrwxrwxrwx         29 lib32/php-5.3.21_sqlanywhere_r.so
-r-xr-xr-x      78704 lib32/php-5.3.21_sqlanywhere_r.so.1
lrwxrwxrwx         27 lib32/php-5.3.22_sqlanywhere.so
-r-xr-xr-x      78204 lib32/php-5.3.22_sqlanywhere.so.1
lrwxrwxrwx         38 lib32/php-5.3.22_sqlanywhere_extenv16_r.so
-r-xr-xr-x      32752 lib32/php-5.3.22_sqlanywhere_extenv16_r.so.1
lrwxrwxrwx         29 lib32/php-5.3.22_sqlanywhere_r.so
-r-xr-xr-x      78704 lib32/php-5.3.22_sqlanywhere_r.so.1
lrwxrwxrwx         27 lib32/php-5.3.23_sqlanywhere.so
-r-xr-xr-x      78204 lib32/php-5.3.23_sqlanywhere.so.1
lrwxrwxrwx         38 lib32/php-5.3.23_sqlanywhere_extenv16_r.so
-r-xr-xr-x      32752 lib32/php-5.3.23_sqlanywhere_extenv16_r.so.1
lrwxrwxrwx         29 lib32/php-5.3.23_sqlanywhere_r.so
-r-xr-xr-x      78704 lib32/php-5.3.23_sqlanywhere_r.so.1
lrwxrwxrwx         27 lib32/php-5.3.24_sqlanywhere.so
-r-xr-xr-x      78204 lib32/php-5.3.24_sqlanywhere.so.1
lrwxrwxrwx         38 lib32/php-5.3.24_sqlanywhere_extenv16_r.so
-r-xr-xr-x      32752 lib32/php-5.3.24_sqlanywhere_extenv16_r.so.1
lrwxrwxrwx         29 lib32/php-5.3.24_sqlanywhere_r.so
-r-xr-xr-x      78704 lib32/php-5.3.24_sqlanywhere_r.so.1
lrwxrwxrwx         27 lib32/php-5.3.25_sqlanywhere.so
-r-xr-xr-x      78204 lib32/php-5.3.25_sqlanywhere.so.1
lrwxrwxrwx         38 lib32/php-5.3.25_sqlanywhere_extenv16_r.so
-r-xr-xr-x      32752 lib32/php-5.3.25_sqlanywhere_extenv16_r.so.1
lrwxrwxrwx         29 lib32/php-5.3.25_sqlanywhere_r.so
-r-xr-xr-x      78704 lib32/php-5.3.25_sqlanywhere_r.so.1
lrwxrwxrwx         27 lib32/php-5.3.26_sqlanywhere.so
-r-xr-xr-x      78204 lib32/php-5.3.26_sqlanywhere.so.1
lrwxrwxrwx         38 lib32/php-5.3.26_sqlanywhere_extenv16_r.so
-r-xr-xr-x      32752 lib32/php-5.3.26_sqlanywhere_extenv16_r.so.1
lrwxrwxrwx         29 lib32/php-5.3.26_sqlanywhere_r.so
-r-xr-xr-x      78704 lib32/php-5.3.26_sqlanywhere_r.so.1
lrwxrwxrwx         26 lib32/php-5.3.2_sqlanywhere.so
-r-xr-xr-x      78204 lib32/php-5.3.2_sqlanywhere.so.1
lrwxrwxrwx         37 lib32/php-5.3.2_sqlanywhere_extenv16_r.so
-r-xr-xr-x      32752 lib32/php-5.3.2_sqlanywhere_extenv16_r.so.1
lrwxrwxrwx         28 lib32/php-5.3.2_sqlanywhere_r.so
-r-xr-xr-x      78704 lib32/php-5.3.2_sqlanywhere_r.so.1
lrwxrwxrwx         26 lib32/php-5.3.3_sqlanywhere.so
-r-xr-xr-x      78204 lib32/php-5.3.3_sqlanywhere.so.1
lrwxrwxrwx         37 lib32/php-5.3.3_sqlanywhere_extenv16_r.so
-r-xr-xr-x      32752 lib32/php-5.3.3_sqlanywhere_extenv16_r.so.1
lrwxrwxrwx         28 lib32/php-5.3.3_sqlanywhere_r.so
-r-xr-xr-x      78704 lib32/php-5.3.3_sqlanywhere_r.so.1
lrwxrwxrwx         26 lib32/php-5.3.4_sqlanywhere.so
-r-xr-xr-x      78204 lib32/php-5.3.4_sqlanywhere.so.1
lrwxrwxrwx         37 lib32/php-5.3.4_sqlanywhere_extenv16_r.so
-r-xr-xr-x      32752 lib32/php-5.3.4_sqlanywhere_extenv16_r.so.1
lrwxrwxrwx         28 lib32/php-5.3.4_sqlanywhere_r.so
-r-xr-xr-x      78704 lib32/php-5.3.4_sqlanywhere_r.so.1
lrwxrwxrwx         26 lib32/php-5.3.5_sqlanywhere.so
-r-xr-xr-x      78204 lib32/php-5.3.5_sqlanywhere.so.1
lrwxrwxrwx         37 lib32/php-5.3.5_sqlanywhere_extenv16_r.so
-r-xr-xr-x      32752 lib32/php-5.3.5_sqlanywhere_extenv16_r.so.1
lrwxrwxrwx         28 lib32/php-5.3.5_sqlanywhere_r.so
-r-xr-xr-x      78704 lib32/php-5.3.5_sqlanywhere_r.so.1
lrwxrwxrwx         26 lib32/php-5.3.6_sqlanywhere.so
-r-xr-xr-x      78204 lib32/php-5.3.6_sqlanywhere.so.1
lrwxrwxrwx         37 lib32/php-5.3.6_sqlanywhere_extenv16_r.so
-r-xr-xr-x      32752 lib32/php-5.3.6_sqlanywhere_extenv16_r.so.1
lrwxrwxrwx         28 lib32/php-5.3.6_sqlanywhere_r.so
-r-xr-xr-x      78704 lib32/php-5.3.6_sqlanywhere_r.so.1
lrwxrwxrwx         26 lib32/php-5.3.7_sqlanywhere.so
-r-xr-xr-x      78204 lib32/php-5.3.7_sqlanywhere.so.1
lrwxrwxrwx         37 lib32/php-5.3.7_sqlanywhere_extenv16_r.so
-r-xr-xr-x      32752 lib32/php-5.3.7_sqlanywhere_extenv16_r.so.1
lrwxrwxrwx         28 lib32/php-5.3.7_sqlanywhere_r.so
-r-xr-xr-x      78704 lib32/php-5.3.7_sqlanywhere_r.so.1
lrwxrwxrwx         26 lib32/php-5.3.8_sqlanywhere.so
-r-xr-xr-x      78204 lib32/php-5.3.8_sqlanywhere.so.1
lrwxrwxrwx         37 lib32/php-5.3.8_sqlanywhere_extenv16_r.so
-r-xr-xr-x      32752 lib32/php-5.3.8_sqlanywhere_extenv16_r.so.1
lrwxrwxrwx         28 lib32/php-5.3.8_sqlanywhere_r.so
-r-xr-xr-x      78704 lib32/php-5.3.8_sqlanywhere_r.so.1
lrwxrwxrwx         26 lib32/php-5.3.9_sqlanywhere.so
-r-xr-xr-x      78204 lib32/php-5.3.9_sqlanywhere.so.1
lrwxrwxrwx         37 lib32/php-5.3.9_sqlanywhere_extenv16_r.so
-r-xr-xr-x      32752 lib32/php-5.3.9_sqlanywhere_extenv16_r.so.1
lrwxrwxrwx         28 lib32/php-5.3.9_sqlanywhere_r.so
-r-xr-xr-x      78704 lib32/php-5.3.9_sqlanywhere_r.so.1
lrwxrwxrwx         26 lib32/php-5.4.0_sqlanywhere.so
-r-xr-xr-x      77020 lib32/php-5.4.0_sqlanywhere.so.1
lrwxrwxrwx         37 lib32/php-5.4.0_sqlanywhere_extenv16_r.so
-r-xr-xr-x      29264 lib32/php-5.4.0_sqlanywhere_extenv16_r.so.1
lrwxrwxrwx         28 lib32/php-5.4.0_sqlanywhere_r.so
-r-xr-xr-x      77552 lib32/php-5.4.0_sqlanywhere_r.so.1
lrwxrwxrwx         27 lib32/php-5.4.10_sqlanywhere.so
-r-xr-xr-x      77020 lib32/php-5.4.10_sqlanywhere.so.1
lrwxrwxrwx         38 lib32/php-5.4.10_sqlanywhere_extenv16_r.so
-r-xr-xr-x      29264 lib32/php-5.4.10_sqlanywhere_extenv16_r.so.1
lrwxrwxrwx         29 lib32/php-5.4.10_sqlanywhere_r.so
-r-xr-xr-x      77552 lib32/php-5.4.10_sqlanywhere_r.so.1
lrwxrwxrwx         27 lib32/php-5.4.11_sqlanywhere.so
-r-xr-xr-x      77020 lib32/php-5.4.11_sqlanywhere.so.1
lrwxrwxrwx         38 lib32/php-5.4.11_sqlanywhere_extenv16_r.so
-r-xr-xr-x      29264 lib32/php-5.4.11_sqlanywhere_extenv16_r.so.1
lrwxrwxrwx         29 lib32/php-5.4.11_sqlanywhere_r.so
-r-xr-xr-x      77552 lib32/php-5.4.11_sqlanywhere_r.so.1
lrwxrwxrwx         27 lib32/php-5.4.12_sqlanywhere.so
-r-xr-xr-x      77020 lib32/php-5.4.12_sqlanywhere.so.1
lrwxrwxrwx         38 lib32/php-5.4.12_sqlanywhere_extenv16_r.so
-r-xr-xr-x      29264 lib32/php-5.4.12_sqlanywhere_extenv16_r.so.1
lrwxrwxrwx         29 lib32/php-5.4.12_sqlanywhere_r.so
-r-xr-xr-x      77552 lib32/php-5.4.12_sqlanywhere_r.so.1
lrwxrwxrwx         27 lib32/php-5.4.13_sqlanywhere.so
-r-xr-xr-x      77020 lib32/php-5.4.13_sqlanywhere.so.1
lrwxrwxrwx         38 lib32/php-5.4.13_sqlanywhere_extenv16_r.so
-r-xr-xr-x      29264 lib32/php-5.4.13_sqlanywhere_extenv16_r.so.1
lrwxrwxrwx         29 lib32/php-5.4.13_sqlanywhere_r.so
-r-xr-xr-x      77552 lib32/php-5.4.13_sqlanywhere_r.so.1
lrwxrwxrwx         27 lib32/php-5.4.14_sqlanywhere.so
-r-xr-xr-x      77020 lib32/php-5.4.14_sqlanywhere.so.1
lrwxrwxrwx         38 lib32/php-5.4.14_sqlanywhere_extenv16_r.so
-r-xr-xr-x      29264 lib32/php-5.4.14_sqlanywhere_extenv16_r.so.1
lrwxrwxrwx         29 lib32/php-5.4.14_sqlanywhere_r.so
-r-xr-xr-x      77552 lib32/php-5.4.14_sqlanywhere_r.so.1
lrwxrwxrwx         27 lib32/php-5.4.15_sqlanywhere.so
-r-xr-xr-x      77020 lib32/php-5.4.15_sqlanywhere.so.1
lrwxrwxrwx         38 lib32/php-5.4.15_sqlanywhere_extenv16_r.so
-r-xr-xr-x      29264 lib32/php-5.4.15_sqlanywhere_extenv16_r.so.1
lrwxrwxrwx         29 lib32/php-5.4.15_sqlanywhere_r.so
-r-xr-xr-x      77552 lib32/php-5.4.15_sqlanywhere_r.so.1
lrwxrwxrwx         27 lib32/php-5.4.16_sqlanywhere.so
-r-xr-xr-x      77020 lib32/php-5.4.16_sqlanywhere.so.1
lrwxrwxrwx         38 lib32/php-5.4.16_sqlanywhere_extenv16_r.so
-r-xr-xr-x      29264 lib32/php-5.4.16_sqlanywhere_extenv16_r.so.1
lrwxrwxrwx         29 lib32/php-5.4.16_sqlanywhere_r.so
-r-xr-xr-x      77552 lib32/php-5.4.16_sqlanywhere_r.so.1
lrwxrwxrwx         26 lib32/php-5.4.1_sqlanywhere.so
-r-xr-xr-x      77020 lib32/php-5.4.1_sqlanywhere.so.1
lrwxrwxrwx         37 lib32/php-5.4.1_sqlanywhere_extenv16_r.so
-r-xr-xr-x      29264 lib32/php-5.4.1_sqlanywhere_extenv16_r.so.1
lrwxrwxrwx         28 lib32/php-5.4.1_sqlanywhere_r.so
-r-xr-xr-x      77552 lib32/php-5.4.1_sqlanywhere_r.so.1
lrwxrwxrwx         26 lib32/php-5.4.2_sqlanywhere.so
-r-xr-xr-x      77020 lib32/php-5.4.2_sqlanywhere.so.1
lrwxrwxrwx         37 lib32/php-5.4.2_sqlanywhere_extenv16_r.so
-r-xr-xr-x      29264 lib32/php-5.4.2_sqlanywhere_extenv16_r.so.1
lrwxrwxrwx         28 lib32/php-5.4.2_sqlanywhere_r.so
-r-xr-xr-x      77552 lib32/php-5.4.2_sqlanywhere_r.so.1
lrwxrwxrwx         26 lib32/php-5.4.3_sqlanywhere.so
-r-xr-xr-x      77020 lib32/php-5.4.3_sqlanywhere.so.1
lrwxrwxrwx         37 lib32/php-5.4.3_sqlanywhere_extenv16_r.so
-r-xr-xr-x      29264 lib32/php-5.4.3_sqlanywhere_extenv16_r.so.1
lrwxrwxrwx         28 lib32/php-5.4.3_sqlanywhere_r.so
-r-xr-xr-x      77552 lib32/php-5.4.3_sqlanywhere_r.so.1
lrwxrwxrwx         26 lib32/php-5.4.4_sqlanywhere.so
-r-xr-xr-x      77020 lib32/php-5.4.4_sqlanywhere.so.1
lrwxrwxrwx         37 lib32/php-5.4.4_sqlanywhere_extenv16_r.so
-r-xr-xr-x      29264 lib32/php-5.4.4_sqlanywhere_extenv16_r.so.1
lrwxrwxrwx         28 lib32/php-5.4.4_sqlanywhere_r.so
-r-xr-xr-x      77552 lib32/php-5.4.4_sqlanywhere_r.so.1
lrwxrwxrwx         26 lib32/php-5.4.5_sqlanywhere.so
-r-xr-xr-x      77020 lib32/php-5.4.5_sqlanywhere.so.1
lrwxrwxrwx         37 lib32/php-5.4.5_sqlanywhere_extenv16_r.so
-r-xr-xr-x      29264 lib32/php-5.4.5_sqlanywhere_extenv16_r.so.1
lrwxrwxrwx         28 lib32/php-5.4.5_sqlanywhere_r.so
-r-xr-xr-x      77552 lib32/php-5.4.5_sqlanywhere_r.so.1
lrwxrwxrwx         26 lib32/php-5.4.6_sqlanywhere.so
-r-xr-xr-x      77020 lib32/php-5.4.6_sqlanywhere.so.1
lrwxrwxrwx         37 lib32/php-5.4.6_sqlanywhere_extenv16_r.so
-r-xr-xr-x      29264 lib32/php-5.4.6_sqlanywhere_extenv16_r.so.1
lrwxrwxrwx         28 lib32/php-5.4.6_sqlanywhere_r.so
-r-xr-xr-x      77552 lib32/php-5.4.6_sqlanywhere_r.so.1
lrwxrwxrwx         26 lib32/php-5.4.7_sqlanywhere.so
-r-xr-xr-x      77020 lib32/php-5.4.7_sqlanywhere.so.1
lrwxrwxrwx         37 lib32/php-5.4.7_sqlanywhere_extenv16_r.so
-r-xr-xr-x      29264 lib32/php-5.4.7_sqlanywhere_extenv16_r.so.1
lrwxrwxrwx         28 lib32/php-5.4.7_sqlanywhere_r.so
-r-xr-xr-x      77552 lib32/php-5.4.7_sqlanywhere_r.so.1
lrwxrwxrwx         26 lib32/php-5.4.8_sqlanywhere.so
-r-xr-xr-x      77020 lib32/php-5.4.8_sqlanywhere.so.1
lrwxrwxrwx         37 lib32/php-5.4.8_sqlanywhere_extenv16_r.so
-r-xr-xr-x      29264 lib32/php-5.4.8_sqlanywhere_extenv16_r.so.1
lrwxrwxrwx         28 lib32/php-5.4.8_sqlanywhere_r.so
-r-xr-xr-x      77552 lib32/php-5.4.8_sqlanywhere_r.so.1
lrwxrwxrwx         26 lib32/php-5.4.9_sqlanywhere.so
-r-xr-xr-x      77020 lib32/php-5.4.9_sqlanywhere.so.1
lrwxrwxrwx         37 lib32/php-5.4.9_sqlanywhere_extenv16_r.so
-r-xr-xr-x      29264 lib32/php-5.4.9_sqlanywhere_extenv16_r.so.1
lrwxrwxrwx         28 lib32/php-5.4.9_sqlanywhere_r.so
-r-xr-xr-x      77552 lib32/php-5.4.9_sqlanywhere_r.so.1
lrwxrwxrwx         26 lib32/php-5.5.0_sqlanywhere.so
-r-xr-xr-x      77020 lib32/php-5.5.0_sqlanywhere.so.1
lrwxrwxrwx         37 lib32/php-5.5.0_sqlanywhere_extenv16_r.so
-r-xr-xr-x      29264 lib32/php-5.5.0_sqlanywhere_extenv16_r.so.1
lrwxrwxrwx         28 lib32/php-5.5.0_sqlanywhere_r.so
-r-xr-xr-x      77552 lib32/php-5.5.0_sqlanywhere_r.so.1
lrwxrwxrwx         14 lib64/libdbcapi.so
-r-xr-xr-x     123560 lib64/libdbcapi.so.1
lrwxrwxrwx         16 lib64/libdbcapi_r.so
-r-xr-xr-x     123568 lib64/libdbcapi_r.so.1
lrwxrwxrwx         20 lib64/libdbextenv16_r.so
-r-xr-xr-x     539160 lib64/libdbextenv16_r.so.1
lrwxrwxrwx         15 lib64/libdbicu16.so
-r-xr-xr-x    1608024 lib64/libdbicu16.so.1
lrwxrwxrwx         17 lib64/libdbicu16_r.so
-r-xr-xr-x    1609240 lib64/libdbicu16_r.so.1
lrwxrwxrwx         17 lib64/libdbicudt16.so
-r-xr-xr-x    4280240 lib64/libdbicudt16.so.1
lrwxrwxrwx         16 lib64/libdbjdbc16.so
-r-xr-xr-x    2519632 lib64/libdbjdbc16.so.1
lrwxrwxrwx         17 lib64/libdbjodbc16.so
-r-xr-xr-x     766576 lib64/libdbjodbc16.so.1
lrwxrwxrwx         15 lib64/libdblib16.so
-r-xr-xr-x    1283952 lib64/libdblib16.so.1
lrwxrwxrwx         17 lib64/libdblib16_r.so
-r-xr-xr-x    1312560 lib64/libdblib16_r.so.1
lrwxrwxrwx         16 lib64/libdbodbc16.so
-r-xr-xr-x     134696 lib64/libdbodbc16.so.1
lrwxrwxrwx         18 lib64/libdbodbc16_n.so
-r-xr-xr-x    1500304 lib64/libdbodbc16_n.so.1
lrwxrwxrwx         18 lib64/libdbodbc16_r.so
-r-xr-xr-x    1529328 lib64/libdbodbc16_r.so.1
lrwxrwxrwx         22 lib64/libdbodbcansi16_r.so
-r-xr-xr-x    1525528 lib64/libdbodbcansi16_r.so.1
lrwxrwxrwx         22 lib64/libdbodbcinst16_r.so
-r-xr-xr-x     509056 lib64/libdbodbcinst16_r.so.1
lrwxrwxrwx         15 lib64/libdbodm16.so
-r-xr-xr-x     645712 lib64/libdbodm16.so.1
lrwxrwxrwx         17 lib64/libdboftsp_r.so
-r-xr-xr-x     101024 lib64/libdboftsp_r.so.1
lrwxrwxrwx         15 lib64/libdbrsa16.so
-r-xr-xr-x    2219432 lib64/libdbrsa16.so.1
lrwxrwxrwx         17 lib64/libdbrsa16_r.so
-r-xr-xr-x    2220328 lib64/libdbrsa16_r.so.1
lrwxrwxrwx         20 lib64/libdbscript16_r.so
-r-xr-xr-x    1034112 lib64/libdbscript16_r.so.1
lrwxrwxrwx         17 lib64/libdbtasks16.so
-r-xr-xr-x     107664 lib64/libdbtasks16.so.1
lrwxrwxrwx         19 lib64/libdbtasks16_r.so
-r-xr-xr-x     120440 lib64/libdbtasks16_r.so.1
lrwxrwxrwx         18 lib64/libdbtool16_r.so
-r-xr-xr-x    2048392 lib64/libdbtool16_r.so.1
lrwxrwxrwx         20 lib64/libodbcinst.so
lrwxrwxrwx         22 lib64/libodbcinst.so.1
-r-xr-xr-x    2325768 lib64/libsybaseldap64.so.15.7.0.12
lrwxrwxrwx         26 lib64/php-5.1.1_sqlanywhere.so
-r-xr-xr-x      85960 lib64/php-5.1.1_sqlanywhere.so.1
lrwxrwxrwx         37 lib64/php-5.1.1_sqlanywhere_extenv16_r.so
-r-xr-xr-x      34968 lib64/php-5.1.1_sqlanywhere_extenv16_r.so.1
lrwxrwxrwx         28 lib64/php-5.1.1_sqlanywhere_r.so
-r-xr-xr-x      86184 lib64/php-5.1.1_sqlanywhere_r.so.1
lrwxrwxrwx         26 lib64/php-5.1.2_sqlanywhere.so
-r-xr-xr-x      85960 lib64/php-5.1.2_sqlanywhere.so.1
lrwxrwxrwx         37 lib64/php-5.1.2_sqlanywhere_extenv16_r.so
-r-xr-xr-x      34968 lib64/php-5.1.2_sqlanywhere_extenv16_r.so.1
lrwxrwxrwx         28 lib64/php-5.1.2_sqlanywhere_r.so
-r-xr-xr-x      86184 lib64/php-5.1.2_sqlanywhere_r.so.1
lrwxrwxrwx         26 lib64/php-5.1.3_sqlanywhere.so
-r-xr-xr-x      85960 lib64/php-5.1.3_sqlanywhere.so.1
lrwxrwxrwx         37 lib64/php-5.1.3_sqlanywhere_extenv16_r.so
-r-xr-xr-x      34968 lib64/php-5.1.3_sqlanywhere_extenv16_r.so.1
lrwxrwxrwx         28 lib64/php-5.1.3_sqlanywhere_r.so
-r-xr-xr-x      86184 lib64/php-5.1.3_sqlanywhere_r.so.1
lrwxrwxrwx         26 lib64/php-5.1.4_sqlanywhere.so
-r-xr-xr-x      85960 lib64/php-5.1.4_sqlanywhere.so.1
lrwxrwxrwx         37 lib64/php-5.1.4_sqlanywhere_extenv16_r.so
-r-xr-xr-x      34968 lib64/php-5.1.4_sqlanywhere_extenv16_r.so.1
lrwxrwxrwx         28 lib64/php-5.1.4_sqlanywhere_r.so
-r-xr-xr-x      86184 lib64/php-5.1.4_sqlanywhere_r.so.1
lrwxrwxrwx         26 lib64/php-5.1.5_sqlanywhere.so
-r-xr-xr-x      85960 lib64/php-5.1.5_sqlanywhere.so.1
lrwxrwxrwx         37 lib64/php-5.1.5_sqlanywhere_extenv16_r.so
-r-xr-xr-x      34968 lib64/php-5.1.5_sqlanywhere_extenv16_r.so.1
lrwxrwxrwx         28 lib64/php-5.1.5_sqlanywhere_r.so
-r-xr-xr-x      86184 lib64/php-5.1.5_sqlanywhere_r.so.1
lrwxrwxrwx         26 lib64/php-5.1.6_sqlanywhere.so
-r-xr-xr-x      85960 lib64/php-5.1.6_sqlanywhere.so.1
lrwxrwxrwx         37 lib64/php-5.1.6_sqlanywhere_extenv16_r.so
-r-xr-xr-x      34968 lib64/php-5.1.6_sqlanywhere_extenv16_r.so.1
lrwxrwxrwx         28 lib64/php-5.1.6_sqlanywhere_r.so
-r-xr-xr-x      86184 lib64/php-5.1.6_sqlanywhere_r.so.1
lrwxrwxrwx         26 lib64/php-5.2.0_sqlanywhere.so
-r-xr-xr-x      85960 lib64/php-5.2.0_sqlanywhere.so.1
lrwxrwxrwx         37 lib64/php-5.2.0_sqlanywhere_extenv16_r.so
-r-xr-xr-x      34968 lib64/php-5.2.0_sqlanywhere_extenv16_r.so.1
lrwxrwxrwx         28 lib64/php-5.2.0_sqlanywhere_r.so
-r-xr-xr-x      86184 lib64/php-5.2.0_sqlanywhere_r.so.1
lrwxrwxrwx         27 lib64/php-5.2.10_sqlanywhere.so
-r-xr-xr-x      85960 lib64/php-5.2.10_sqlanywhere.so.1
lrwxrwxrwx         38 lib64/php-5.2.10_sqlanywhere_extenv16_r.so
-r-xr-xr-x      35384 lib64/php-5.2.10_sqlanywhere_extenv16_r.so.1
lrwxrwxrwx         29 lib64/php-5.2.10_sqlanywhere_r.so
-r-xr-xr-x      86184 lib64/php-5.2.10_sqlanywhere_r.so.1
lrwxrwxrwx         27 lib64/php-5.2.11_sqlanywhere.so
-r-xr-xr-x      85960 lib64/php-5.2.11_sqlanywhere.so.1
lrwxrwxrwx         38 lib64/php-5.2.11_sqlanywhere_extenv16_r.so
-r-xr-xr-x      35384 lib64/php-5.2.11_sqlanywhere_extenv16_r.so.1
lrwxrwxrwx         29 lib64/php-5.2.11_sqlanywhere_r.so
-r-xr-xr-x      86184 lib64/php-5.2.11_sqlanywhere_r.so.1
lrwxrwxrwx         27 lib64/php-5.2.12_sqlanywhere.so
-r-xr-xr-x      85960 lib64/php-5.2.12_sqlanywhere.so.1
lrwxrwxrwx         38 lib64/php-5.2.12_sqlanywhere_extenv16_r.so
-r-xr-xr-x      35384 lib64/php-5.2.12_sqlanywhere_extenv16_r.so.1
lrwxrwxrwx         29 lib64/php-5.2.12_sqlanywhere_r.so
-r-xr-xr-x      86184 lib64/php-5.2.12_sqlanywhere_r.so.1
lrwxrwxrwx         27 lib64/php-5.2.13_sqlanywhere.so
-r-xr-xr-x      85960 lib64/php-5.2.13_sqlanywhere.so.1
lrwxrwxrwx         38 lib64/php-5.2.13_sqlanywhere_extenv16_r.so
-r-xr-xr-x      35384 lib64/php-5.2.13_sqlanywhere_extenv16_r.so.1
lrwxrwxrwx         29 lib64/php-5.2.13_sqlanywhere_r.so
-r-xr-xr-x      86184 lib64/php-5.2.13_sqlanywhere_r.so.1
lrwxrwxrwx         27 lib64/php-5.2.14_sqlanywhere.so
-r-xr-xr-x      85960 lib64/php-5.2.14_sqlanywhere.so.1
lrwxrwxrwx         38 lib64/php-5.2.14_sqlanywhere_extenv16_r.so
-r-xr-xr-x      35384 lib64/php-5.2.14_sqlanywhere_extenv16_r.so.1
lrwxrwxrwx         29 lib64/php-5.2.14_sqlanywhere_r.so
-r-xr-xr-x      86184 lib64/php-5.2.14_sqlanywhere_r.so.1
lrwxrwxrwx         27 lib64/php-5.2.15_sqlanywhere.so
-r-xr-xr-x      85960 lib64/php-5.2.15_sqlanywhere.so.1
lrwxrwxrwx         38 lib64/php-5.2.15_sqlanywhere_extenv16_r.so
-r-xr-xr-x      35384 lib64/php-5.2.15_sqlanywhere_extenv16_r.so.1
lrwxrwxrwx         29 lib64/php-5.2.15_sqlanywhere_r.so
-r-xr-xr-x      86184 lib64/php-5.2.15_sqlanywhere_r.so.1
lrwxrwxrwx         27 lib64/php-5.2.16_sqlanywhere.so
-r-xr-xr-x      85960 lib64/php-5.2.16_sqlanywhere.so.1
lrwxrwxrwx         38 lib64/php-5.2.16_sqlanywhere_extenv16_r.so
-r-xr-xr-x      35384 lib64/php-5.2.16_sqlanywhere_extenv16_r.so.1
lrwxrwxrwx         29 lib64/php-5.2.16_sqlanywhere_r.so
-r-xr-xr-x      86184 lib64/php-5.2.16_sqlanywhere_r.so.1
lrwxrwxrwx         27 lib64/php-5.2.17_sqlanywhere.so
-r-xr-xr-x      85960 lib64/php-5.2.17_sqlanywhere.so.1
lrwxrwxrwx         38 lib64/php-5.2.17_sqlanywhere_extenv16_r.so
-r-xr-xr-x      35384 lib64/php-5.2.17_sqlanywhere_extenv16_r.so.1
lrwxrwxrwx         29 lib64/php-5.2.17_sqlanywhere_r.so
-r-xr-xr-x      86184 lib64/php-5.2.17_sqlanywhere_r.so.1
lrwxrwxrwx         26 lib64/php-5.2.1_sqlanywhere.so
-r-xr-xr-x      85960 lib64/php-5.2.1_sqlanywhere.so.1
lrwxrwxrwx         37 lib64/php-5.2.1_sqlanywhere_extenv16_r.so
-r-xr-xr-x      35384 lib64/php-5.2.1_sqlanywhere_extenv16_r.so.1
lrwxrwxrwx         28 lib64/php-5.2.1_sqlanywhere_r.so
-r-xr-xr-x      86184 lib64/php-5.2.1_sqlanywhere_r.so.1
lrwxrwxrwx         26 lib64/php-5.2.2_sqlanywhere.so
-r-xr-xr-x      85960 lib64/php-5.2.2_sqlanywhere.so.1
lrwxrwxrwx         37 lib64/php-5.2.2_sqlanywhere_extenv16_r.so
-r-xr-xr-x      35384 lib64/php-5.2.2_sqlanywhere_extenv16_r.so.1
lrwxrwxrwx         28 lib64/php-5.2.2_sqlanywhere_r.so
-r-xr-xr-x      86184 lib64/php-5.2.2_sqlanywhere_r.so.1
lrwxrwxrwx         26 lib64/php-5.2.3_sqlanywhere.so
-r-xr-xr-x      85960 lib64/php-5.2.3_sqlanywhere.so.1
lrwxrwxrwx         37 lib64/php-5.2.3_sqlanywhere_extenv16_r.so
-r-xr-xr-x      35384 lib64/php-5.2.3_sqlanywhere_extenv16_r.so.1
lrwxrwxrwx         28 lib64/php-5.2.3_sqlanywhere_r.so
-r-xr-xr-x      86184 lib64/php-5.2.3_sqlanywhere_r.so.1
lrwxrwxrwx         26 lib64/php-5.2.4_sqlanywhere.so
-r-xr-xr-x      85960 lib64/php-5.2.4_sqlanywhere.so.1
lrwxrwxrwx         37 lib64/php-5.2.4_sqlanywhere_extenv16_r.so
-r-xr-xr-x      35384 lib64/php-5.2.4_sqlanywhere_extenv16_r.so.1
lrwxrwxrwx         28 lib64/php-5.2.4_sqlanywhere_r.so
-r-xr-xr-x      86184 lib64/php-5.2.4_sqlanywhere_r.so.1
lrwxrwxrwx         26 lib64/php-5.2.5_sqlanywhere.so
-r-xr-xr-x      85960 lib64/php-5.2.5_sqlanywhere.so.1
lrwxrwxrwx         37 lib64/php-5.2.5_sqlanywhere_extenv16_r.so
-r-xr-xr-x      35384 lib64/php-5.2.5_sqlanywhere_extenv16_r.so.1
lrwxrwxrwx         28 lib64/php-5.2.5_sqlanywhere_r.so
-r-xr-xr-x      86184 lib64/php-5.2.5_sqlanywhere_r.so.1
lrwxrwxrwx         26 lib64/php-5.2.6_sqlanywhere.so
-r-xr-xr-x      85960 lib64/php-5.2.6_sqlanywhere.so.1
lrwxrwxrwx         37 lib64/php-5.2.6_sqlanywhere_extenv16_r.so
-r-xr-xr-x      35384 lib64/php-5.2.6_sqlanywhere_extenv16_r.so.1
lrwxrwxrwx         28 lib64/php-5.2.6_sqlanywhere_r.so
-r-xr-xr-x      86184 lib64/php-5.2.6_sqlanywhere_r.so.1
lrwxrwxrwx         26 lib64/php-5.2.8_sqlanywhere.so
-r-xr-xr-x      85960 lib64/php-5.2.8_sqlanywhere.so.1
lrwxrwxrwx         37 lib64/php-5.2.8_sqlanywhere_extenv16_r.so
-r-xr-xr-x      35384 lib64/php-5.2.8_sqlanywhere_extenv16_r.so.1
lrwxrwxrwx         28 lib64/php-5.2.8_sqlanywhere_r.so
-r-xr-xr-x      86184 lib64/php-5.2.8_sqlanywhere_r.so.1
lrwxrwxrwx         26 lib64/php-5.2.9_sqlanywhere.so
-r-xr-xr-x      85960 lib64/php-5.2.9_sqlanywhere.so.1
lrwxrwxrwx         37 lib64/php-5.2.9_sqlanywhere_extenv16_r.so
-r-xr-xr-x      35384 lib64/php-5.2.9_sqlanywhere_extenv16_r.so.1
lrwxrwxrwx         28 lib64/php-5.2.9_sqlanywhere_r.so
-r-xr-xr-x      86184 lib64/php-5.2.9_sqlanywhere_r.so.1
lrwxrwxrwx         26 lib64/php-5.3.0_sqlanywhere.so
-r-xr-xr-x      85744 lib64/php-5.3.0_sqlanywhere.so.1
lrwxrwxrwx         37 lib64/php-5.3.0_sqlanywhere_extenv16_r.so
-r-xr-xr-x      36056 lib64/php-5.3.0_sqlanywhere_extenv16_r.so.1
lrwxrwxrwx         28 lib64/php-5.3.0_sqlanywhere_r.so
-r-xr-xr-x      85976 lib64/php-5.3.0_sqlanywhere_r.so.1
lrwxrwxrwx         27 lib64/php-5.3.10_sqlanywhere.so
-r-xr-xr-x      85744 lib64/php-5.3.10_sqlanywhere.so.1
lrwxrwxrwx         38 lib64/php-5.3.10_sqlanywhere_extenv16_r.so
-r-xr-xr-x      36056 lib64/php-5.3.10_sqlanywhere_extenv16_r.so.1
lrwxrwxrwx         29 lib64/php-5.3.10_sqlanywhere_r.so
-r-xr-xr-x      85976 lib64/php-5.3.10_sqlanywhere_r.so.1
lrwxrwxrwx         27 lib64/php-5.3.11_sqlanywhere.so
-r-xr-xr-x      85744 lib64/php-5.3.11_sqlanywhere.so.1
lrwxrwxrwx         38 lib64/php-5.3.11_sqlanywhere_extenv16_r.so
-r-xr-xr-x      36056 lib64/php-5.3.11_sqlanywhere_extenv16_r.so.1
lrwxrwxrwx         29 lib64/php-5.3.11_sqlanywhere_r.so
-r-xr-xr-x      85976 lib64/php-5.3.11_sqlanywhere_r.so.1
lrwxrwxrwx         27 lib64/php-5.3.12_sqlanywhere.so
-r-xr-xr-x      85744 lib64/php-5.3.12_sqlanywhere.so.1
lrwxrwxrwx         38 lib64/php-5.3.12_sqlanywhere_extenv16_r.so
-r-xr-xr-x      36056 lib64/php-5.3.12_sqlanywhere_extenv16_r.so.1
lrwxrwxrwx         29 lib64/php-5.3.12_sqlanywhere_r.so
-r-xr-xr-x      85976 lib64/php-5.3.12_sqlanywhere_r.so.1
lrwxrwxrwx         27 lib64/php-5.3.13_sqlanywhere.so
-r-xr-xr-x      85744 lib64/php-5.3.13_sqlanywhere.so.1
lrwxrwxrwx         38 lib64/php-5.3.13_sqlanywhere_extenv16_r.so
-r-xr-xr-x      36056 lib64/php-5.3.13_sqlanywhere_extenv16_r.so.1
lrwxrwxrwx         29 lib64/php-5.3.13_sqlanywhere_r.so
-r-xr-xr-x      85976 lib64/php-5.3.13_sqlanywhere_r.so.1
lrwxrwxrwx         27 lib64/php-5.3.14_sqlanywhere.so
-r-xr-xr-x      85744 lib64/php-5.3.14_sqlanywhere.so.1
lrwxrwxrwx         38 lib64/php-5.3.14_sqlanywhere_extenv16_r.so
-r-xr-xr-x      36056 lib64/php-5.3.14_sqlanywhere_extenv16_r.so.1
lrwxrwxrwx         29 lib64/php-5.3.14_sqlanywhere_r.so
-r-xr-xr-x      85976 lib64/php-5.3.14_sqlanywhere_r.so.1
lrwxrwxrwx         27 lib64/php-5.3.15_sqlanywhere.so
-r-xr-xr-x      85744 lib64/php-5.3.15_sqlanywhere.so.1
lrwxrwxrwx         38 lib64/php-5.3.15_sqlanywhere_extenv16_r.so
-r-xr-xr-x      36056 lib64/php-5.3.15_sqlanywhere_extenv16_r.so.1
lrwxrwxrwx         29 lib64/php-5.3.15_sqlanywhere_r.so
-r-xr-xr-x      85976 lib64/php-5.3.15_sqlanywhere_r.so.1
lrwxrwxrwx         27 lib64/php-5.3.16_sqlanywhere.so
-r-xr-xr-x      85744 lib64/php-5.3.16_sqlanywhere.so.1
lrwxrwxrwx         38 lib64/php-5.3.16_sqlanywhere_extenv16_r.so
-r-xr-xr-x      36056 lib64/php-5.3.16_sqlanywhere_extenv16_r.so.1
lrwxrwxrwx         29 lib64/php-5.3.16_sqlanywhere_r.so
-r-xr-xr-x      85976 lib64/php-5.3.16_sqlanywhere_r.so.1
lrwxrwxrwx         27 lib64/php-5.3.17_sqlanywhere.so
-r-xr-xr-x      85744 lib64/php-5.3.17_sqlanywhere.so.1
lrwxrwxrwx         38 lib64/php-5.3.17_sqlanywhere_extenv16_r.so
-r-xr-xr-x      36056 lib64/php-5.3.17_sqlanywhere_extenv16_r.so.1
lrwxrwxrwx         29 lib64/php-5.3.17_sqlanywhere_r.so
-r-xr-xr-x      85976 lib64/php-5.3.17_sqlanywhere_r.so.1
lrwxrwxrwx         27 lib64/php-5.3.18_sqlanywhere.so
-r-xr-xr-x      85744 lib64/php-5.3.18_sqlanywhere.so.1
lrwxrwxrwx         38 lib64/php-5.3.18_sqlanywhere_extenv16_r.so
-r-xr-xr-x      36056 lib64/php-5.3.18_sqlanywhere_extenv16_r.so.1
lrwxrwxrwx         29 lib64/php-5.3.18_sqlanywhere_r.so
-r-xr-xr-x      85976 lib64/php-5.3.18_sqlanywhere_r.so.1
lrwxrwxrwx         27 lib64/php-5.3.19_sqlanywhere.so
-r-xr-xr-x      85744 lib64/php-5.3.19_sqlanywhere.so.1
lrwxrwxrwx         38 lib64/php-5.3.19_sqlanywhere_extenv16_r.so
-r-xr-xr-x      36056 lib64/php-5.3.19_sqlanywhere_extenv16_r.so.1
lrwxrwxrwx         29 lib64/php-5.3.19_sqlanywhere_r.so
-r-xr-xr-x      85976 lib64/php-5.3.19_sqlanywhere_r.so.1
lrwxrwxrwx         26 lib64/php-5.3.1_sqlanywhere.so
-r-xr-xr-x      85744 lib64/php-5.3.1_sqlanywhere.so.1
lrwxrwxrwx         37 lib64/php-5.3.1_sqlanywhere_extenv16_r.so
-r-xr-xr-x      36056 lib64/php-5.3.1_sqlanywhere_extenv16_r.so.1
lrwxrwxrwx         28 lib64/php-5.3.1_sqlanywhere_r.so
-r-xr-xr-x      85976 lib64/php-5.3.1_sqlanywhere_r.so.1
lrwxrwxrwx         27 lib64/php-5.3.20_sqlanywhere.so
-r-xr-xr-x      85744 lib64/php-5.3.20_sqlanywhere.so.1
lrwxrwxrwx         38 lib64/php-5.3.20_sqlanywhere_extenv16_r.so
-r-xr-xr-x      36056 lib64/php-5.3.20_sqlanywhere_extenv16_r.so.1
lrwxrwxrwx         29 lib64/php-5.3.20_sqlanywhere_r.so
-r-xr-xr-x      85976 lib64/php-5.3.20_sqlanywhere_r.so.1
lrwxrwxrwx         27 lib64/php-5.3.21_sqlanywhere.so
-r-xr-xr-x      85744 lib64/php-5.3.21_sqlanywhere.so.1
lrwxrwxrwx         38 lib64/php-5.3.21_sqlanywhere_extenv16_r.so
-r-xr-xr-x      36056 lib64/php-5.3.21_sqlanywhere_extenv16_r.so.1
lrwxrwxrwx         29 lib64/php-5.3.21_sqlanywhere_r.so
-r-xr-xr-x      85976 lib64/php-5.3.21_sqlanywhere_r.so.1
lrwxrwxrwx         27 lib64/php-5.3.22_sqlanywhere.so
-r-xr-xr-x      85744 lib64/php-5.3.22_sqlanywhere.so.1
lrwxrwxrwx         38 lib64/php-5.3.22_sqlanywhere_extenv16_r.so
-r-xr-xr-x      36056 lib64/php-5.3.22_sqlanywhere_extenv16_r.so.1
lrwxrwxrwx         29 lib64/php-5.3.22_sqlanywhere_r.so
-r-xr-xr-x      85976 lib64/php-5.3.22_sqlanywhere_r.so.1
lrwxrwxrwx         27 lib64/php-5.3.23_sqlanywhere.so
-r-xr-xr-x      85744 lib64/php-5.3.23_sqlanywhere.so.1
lrwxrwxrwx         38 lib64/php-5.3.23_sqlanywhere_extenv16_r.so
-r-xr-xr-x      36056 lib64/php-5.3.23_sqlanywhere_extenv16_r.so.1
lrwxrwxrwx         29 lib64/php-5.3.23_sqlanywhere_r.so
-r-xr-xr-x      85976 lib64/php-5.3.23_sqlanywhere_r.so.1
lrwxrwxrwx         27 lib64/php-5.3.24_sqlanywhere.so
-r-xr-xr-x      85744 lib64/php-5.3.24_sqlanywhere.so.1
lrwxrwxrwx         38 lib64/php-5.3.24_sqlanywhere_extenv16_r.so
-r-xr-xr-x      36056 lib64/php-5.3.24_sqlanywhere_extenv16_r.so.1
lrwxrwxrwx         29 lib64/php-5.3.24_sqlanywhere_r.so
-r-xr-xr-x      85976 lib64/php-5.3.24_sqlanywhere_r.so.1
lrwxrwxrwx         27 lib64/php-5.3.25_sqlanywhere.so
-r-xr-xr-x      85744 lib64/php-5.3.25_sqlanywhere.so.1
lrwxrwxrwx         38 lib64/php-5.3.25_sqlanywhere_extenv16_r.so
-r-xr-xr-x      36056 lib64/php-5.3.25_sqlanywhere_extenv16_r.so.1
lrwxrwxrwx         29 lib64/php-5.3.25_sqlanywhere_r.so
-r-xr-xr-x      85976 lib64/php-5.3.25_sqlanywhere_r.so.1
lrwxrwxrwx         27 lib64/php-5.3.26_sqlanywhere.so
-r-xr-xr-x      85744 lib64/php-5.3.26_sqlanywhere.so.1
lrwxrwxrwx         38 lib64/php-5.3.26_sqlanywhere_extenv16_r.so
-r-xr-xr-x      36056 lib64/php-5.3.26_sqlanywhere_extenv16_r.so.1
lrwxrwxrwx         29 lib64/php-5.3.26_sqlanywhere_r.so
-r-xr-xr-x      85976 lib64/php-5.3.26_sqlanywhere_r.so.1
lrwxrwxrwx         26 lib64/php-5.3.2_sqlanywhere.so
-r-xr-xr-x      85744 lib64/php-5.3.2_sqlanywhere.so.1
lrwxrwxrwx         37 lib64/php-5.3.2_sqlanywhere_extenv16_r.so
-r-xr-xr-x      36056 lib64/php-5.3.2_sqlanywhere_extenv16_r.so.1
lrwxrwxrwx         28 lib64/php-5.3.2_sqlanywhere_r.so
-r-xr-xr-x      85976 lib64/php-5.3.2_sqlanywhere_r.so.1
lrwxrwxrwx         26 lib64/php-5.3.3_sqlanywhere.so
-r-xr-xr-x      85744 lib64/php-5.3.3_sqlanywhere.so.1
lrwxrwxrwx         37 lib64/php-5.3.3_sqlanywhere_extenv16_r.so
-r-xr-xr-x      36056 lib64/php-5.3.3_sqlanywhere_extenv16_r.so.1
lrwxrwxrwx         28 lib64/php-5.3.3_sqlanywhere_r.so
-r-xr-xr-x      85976 lib64/php-5.3.3_sqlanywhere_r.so.1
lrwxrwxrwx         26 lib64/php-5.3.4_sqlanywhere.so
-r-xr-xr-x      85744 lib64/php-5.3.4_sqlanywhere.so.1
lrwxrwxrwx         37 lib64/php-5.3.4_sqlanywhere_extenv16_r.so
-r-xr-xr-x      36056 lib64/php-5.3.4_sqlanywhere_extenv16_r.so.1
lrwxrwxrwx         28 lib64/php-5.3.4_sqlanywhere_r.so
-r-xr-xr-x      85976 lib64/php-5.3.4_sqlanywhere_r.so.1
lrwxrwxrwx         26 lib64/php-5.3.5_sqlanywhere.so
-r-xr-xr-x      85744 lib64/php-5.3.5_sqlanywhere.so.1
lrwxrwxrwx         37 lib64/php-5.3.5_sqlanywhere_extenv16_r.so
-r-xr-xr-x      36056 lib64/php-5.3.5_sqlanywhere_extenv16_r.so.1
lrwxrwxrwx         28 lib64/php-5.3.5_sqlanywhere_r.so
-r-xr-xr-x      85976 lib64/php-5.3.5_sqlanywhere_r.so.1
lrwxrwxrwx         26 lib64/php-5.3.6_sqlanywhere.so
-r-xr-xr-x      85744 lib64/php-5.3.6_sqlanywhere.so.1
lrwxrwxrwx         37 lib64/php-5.3.6_sqlanywhere_extenv16_r.so
-r-xr-xr-x      36056 lib64/php-5.3.6_sqlanywhere_extenv16_r.so.1
lrwxrwxrwx         28 lib64/php-5.3.6_sqlanywhere_r.so
-r-xr-xr-x      85976 lib64/php-5.3.6_sqlanywhere_r.so.1
lrwxrwxrwx         26 lib64/php-5.3.7_sqlanywhere.so
-r-xr-xr-x      85744 lib64/php-5.3.7_sqlanywhere.so.1
lrwxrwxrwx         37 lib64/php-5.3.7_sqlanywhere_extenv16_r.so
-r-xr-xr-x      36056 lib64/php-5.3.7_sqlanywhere_extenv16_r.so.1
lrwxrwxrwx         28 lib64/php-5.3.7_sqlanywhere_r.so
-r-xr-xr-x      85976 lib64/php-5.3.7_sqlanywhere_r.so.1
lrwxrwxrwx         26 lib64/php-5.3.8_sqlanywhere.so
-r-xr-xr-x      85744 lib64/php-5.3.8_sqlanywhere.so.1
lrwxrwxrwx         37 lib64/php-5.3.8_sqlanywhere_extenv16_r.so
-r-xr-xr-x      36056 lib64/php-5.3.8_sqlanywhere_extenv16_r.so.1
lrwxrwxrwx         28 lib64/php-5.3.8_sqlanywhere_r.so
-r-xr-xr-x      85976 lib64/php-5.3.8_sqlanywhere_r.so.1
lrwxrwxrwx         26 lib64/php-5.3.9_sqlanywhere.so
-r-xr-xr-x      85744 lib64/php-5.3.9_sqlanywhere.so.1
lrwxrwxrwx         37 lib64/php-5.3.9_sqlanywhere_extenv16_r.so
-r-xr-xr-x      36056 lib64/php-5.3.9_sqlanywhere_extenv16_r.so.1
lrwxrwxrwx         28 lib64/php-5.3.9_sqlanywhere_r.so
-r-xr-xr-x      85976 lib64/php-5.3.9_sqlanywhere_r.so.1
lrwxrwxrwx         26 lib64/php-5.4.0_sqlanywhere.so
-r-xr-xr-x      85744 lib64/php-5.4.0_sqlanywhere.so.1
lrwxrwxrwx         37 lib64/php-5.4.0_sqlanywhere_extenv16_r.so
-r-xr-xr-x      33816 lib64/php-5.4.0_sqlanywhere_extenv16_r.so.1
lrwxrwxrwx         28 lib64/php-5.4.0_sqlanywhere_r.so
-r-xr-xr-x      85976 lib64/php-5.4.0_sqlanywhere_r.so.1
lrwxrwxrwx         27 lib64/php-5.4.10_sqlanywhere.so
-r-xr-xr-x      85744 lib64/php-5.4.10_sqlanywhere.so.1
lrwxrwxrwx         38 lib64/php-5.4.10_sqlanywhere_extenv16_r.so
-r-xr-xr-x      33816 lib64/php-5.4.10_sqlanywhere_extenv16_r.so.1
lrwxrwxrwx         29 lib64/php-5.4.10_sqlanywhere_r.so
-r-xr-xr-x      85976 lib64/php-5.4.10_sqlanywhere_r.so.1
lrwxrwxrwx         27 lib64/php-5.4.11_sqlanywhere.so
-r-xr-xr-x      85744 lib64/php-5.4.11_sqlanywhere.so.1
lrwxrwxrwx         38 lib64/php-5.4.11_sqlanywhere_extenv16_r.so
-r-xr-xr-x      33816 lib64/php-5.4.11_sqlanywhere_extenv16_r.so.1
lrwxrwxrwx         29 lib64/php-5.4.11_sqlanywhere_r.so
-r-xr-xr-x      85976 lib64/php-5.4.11_sqlanywhere_r.so.1
lrwxrwxrwx         27 lib64/php-5.4.12_sqlanywhere.so
-r-xr-xr-x      85744 lib64/php-5.4.12_sqlanywhere.so.1
lrwxrwxrwx         38 lib64/php-5.4.12_sqlanywhere_extenv16_r.so
-r-xr-xr-x      33816 lib64/php-5.4.12_sqlanywhere_extenv16_r.so.1
lrwxrwxrwx         29 lib64/php-5.4.12_sqlanywhere_r.so
-r-xr-xr-x      85976 lib64/php-5.4.12_sqlanywhere_r.so.1
lrwxrwxrwx         27 lib64/php-5.4.13_sqlanywhere.so
-r-xr-xr-x      85744 lib64/php-5.4.13_sqlanywhere.so.1
lrwxrwxrwx         38 lib64/php-5.4.13_sqlanywhere_extenv16_r.so
-r-xr-xr-x      33816 lib64/php-5.4.13_sqlanywhere_extenv16_r.so.1
lrwxrwxrwx         29 lib64/php-5.4.13_sqlanywhere_r.so
-r-xr-xr-x      85976 lib64/php-5.4.13_sqlanywhere_r.so.1
lrwxrwxrwx         27 lib64/php-5.4.14_sqlanywhere.so
-r-xr-xr-x      85744 lib64/php-5.4.14_sqlanywhere.so.1
lrwxrwxrwx         38 lib64/php-5.4.14_sqlanywhere_extenv16_r.so
-r-xr-xr-x      33816 lib64/php-5.4.14_sqlanywhere_extenv16_r.so.1
lrwxrwxrwx         29 lib64/php-5.4.14_sqlanywhere_r.so
-r-xr-xr-x      85976 lib64/php-5.4.14_sqlanywhere_r.so.1
lrwxrwxrwx         27 lib64/php-5.4.15_sqlanywhere.so
-r-xr-xr-x      85744 lib64/php-5.4.15_sqlanywhere.so.1
lrwxrwxrwx         38 lib64/php-5.4.15_sqlanywhere_extenv16_r.so
-r-xr-xr-x      33816 lib64/php-5.4.15_sqlanywhere_extenv16_r.so.1
lrwxrwxrwx         29 lib64/php-5.4.15_sqlanywhere_r.so
-r-xr-xr-x      85976 lib64/php-5.4.15_sqlanywhere_r.so.1
lrwxrwxrwx         27 lib64/php-5.4.16_sqlanywhere.so
-r-xr-xr-x      85744 lib64/php-5.4.16_sqlanywhere.so.1
lrwxrwxrwx         38 lib64/php-5.4.16_sqlanywhere_extenv16_r.so
-r-xr-xr-x      33816 lib64/php-5.4.16_sqlanywhere_extenv16_r.so.1
lrwxrwxrwx         29 lib64/php-5.4.16_sqlanywhere_r.so
-r-xr-xr-x      85976 lib64/php-5.4.16_sqlanywhere_r.so.1
lrwxrwxrwx         26 lib64/php-5.4.1_sqlanywhere.so
-r-xr-xr-x      85744 lib64/php-5.4.1_sqlanywhere.so.1
lrwxrwxrwx         37 lib64/php-5.4.1_sqlanywhere_extenv16_r.so
-r-xr-xr-x      33816 lib64/php-5.4.1_sqlanywhere_extenv16_r.so.1
lrwxrwxrwx         28 lib64/php-5.4.1_sqlanywhere_r.so
-r-xr-xr-x      85976 lib64/php-5.4.1_sqlanywhere_r.so.1
lrwxrwxrwx         26 lib64/php-5.4.2_sqlanywhere.so
-r-xr-xr-x      85744 lib64/php-5.4.2_sqlanywhere.so.1
lrwxrwxrwx         37 lib64/php-5.4.2_sqlanywhere_extenv16_r.so
-r-xr-xr-x      33816 lib64/php-5.4.2_sqlanywhere_extenv16_r.so.1
lrwxrwxrwx         28 lib64/php-5.4.2_sqlanywhere_r.so
-r-xr-xr-x      85976 lib64/php-5.4.2_sqlanywhere_r.so.1
lrwxrwxrwx         26 lib64/php-5.4.3_sqlanywhere.so
-r-xr-xr-x      85744 lib64/php-5.4.3_sqlanywhere.so.1
lrwxrwxrwx         37 lib64/php-5.4.3_sqlanywhere_extenv16_r.so
-r-xr-xr-x      33816 lib64/php-5.4.3_sqlanywhere_extenv16_r.so.1
lrwxrwxrwx         28 lib64/php-5.4.3_sqlanywhere_r.so
-r-xr-xr-x      85976 lib64/php-5.4.3_sqlanywhere_r.so.1
lrwxrwxrwx         26 lib64/php-5.4.4_sqlanywhere.so
-r-xr-xr-x      85744 lib64/php-5.4.4_sqlanywhere.so.1
lrwxrwxrwx         37 lib64/php-5.4.4_sqlanywhere_extenv16_r.so
-r-xr-xr-x      33816 lib64/php-5.4.4_sqlanywhere_extenv16_r.so.1
lrwxrwxrwx         28 lib64/php-5.4.4_sqlanywhere_r.so
-r-xr-xr-x      85976 lib64/php-5.4.4_sqlanywhere_r.so.1
lrwxrwxrwx         26 lib64/php-5.4.5_sqlanywhere.so
-r-xr-xr-x      85744 lib64/php-5.4.5_sqlanywhere.so.1
lrwxrwxrwx         37 lib64/php-5.4.5_sqlanywhere_extenv16_r.so
-r-xr-xr-x      33816 lib64/php-5.4.5_sqlanywhere_extenv16_r.so.1
lrwxrwxrwx         28 lib64/php-5.4.5_sqlanywhere_r.so
-r-xr-xr-x      85976 lib64/php-5.4.5_sqlanywhere_r.so.1
lrwxrwxrwx         26 lib64/php-5.4.6_sqlanywhere.so
-r-xr-xr-x      85744 lib64/php-5.4.6_sqlanywhere.so.1
lrwxrwxrwx         37 lib64/php-5.4.6_sqlanywhere_extenv16_r.so
-r-xr-xr-x      33816 lib64/php-5.4.6_sqlanywhere_extenv16_r.so.1
lrwxrwxrwx         28 lib64/php-5.4.6_sqlanywhere_r.so
-r-xr-xr-x      85976 lib64/php-5.4.6_sqlanywhere_r.so.1
lrwxrwxrwx         26 lib64/php-5.4.7_sqlanywhere.so
-r-xr-xr-x      85744 lib64/php-5.4.7_sqlanywhere.so.1
lrwxrwxrwx         37 lib64/php-5.4.7_sqlanywhere_extenv16_r.so
-r-xr-xr-x      33816 lib64/php-5.4.7_sqlanywhere_extenv16_r.so.1
lrwxrwxrwx         28 lib64/php-5.4.7_sqlanywhere_r.so
-r-xr-xr-x      85976 lib64/php-5.4.7_sqlanywhere_r.so.1
lrwxrwxrwx         26 lib64/php-5.4.8_sqlanywhere.so
-r-xr-xr-x      85744 lib64/php-5.4.8_sqlanywhere.so.1
lrwxrwxrwx         37 lib64/php-5.4.8_sqlanywhere_extenv16_r.so
-r-xr-xr-x      33816 lib64/php-5.4.8_sqlanywhere_extenv16_r.so.1
lrwxrwxrwx         28 lib64/php-5.4.8_sqlanywhere_r.so
-r-xr-xr-x      85976 lib64/php-5.4.8_sqlanywhere_r.so.1
lrwxrwxrwx         26 lib64/php-5.4.9_sqlanywhere.so
-r-xr-xr-x      85744 lib64/php-5.4.9_sqlanywhere.so.1
lrwxrwxrwx         37 lib64/php-5.4.9_sqlanywhere_extenv16_r.so
-r-xr-xr-x      33816 lib64/php-5.4.9_sqlanywhere_extenv16_r.so.1
lrwxrwxrwx         28 lib64/php-5.4.9_sqlanywhere_r.so
-r-xr-xr-x      85976 lib64/php-5.4.9_sqlanywhere_r.so.1
lrwxrwxrwx         26 lib64/php-5.5.0_sqlanywhere.so
-r-xr-xr-x      85744 lib64/php-5.5.0_sqlanywhere.so.1
lrwxrwxrwx         37 lib64/php-5.5.0_sqlanywhere_extenv16_r.so
-r-xr-xr-x      33816 lib64/php-5.5.0_sqlanywhere_extenv16_r.so.1
lrwxrwxrwx         28 lib64/php-5.5.0_sqlanywhere_r.so
-r-xr-xr-x      85976 lib64/php-5.5.0_sqlanywhere_r.so.1
-r--r--r--      10275 readme_de.txt
-r--r--r--       9073 readme_en.txt
-r--r--r--      10548 readme_fr.txt
-r--r--r--      12311 readme_ja.txt
-r--r--r--       8139 readme_zh.txt
-r--r--r--       6441 res/DBConsole.png
-r--r--r--      15206 res/InteractiveSQL.png
-r--r--r--      15364 res/MobiLinkMonitor.png
-r--r--r--       1016 res/SAMonitor16.png
-r--r--r--       5452 res/SQLAnywhere.png
-r--r--r--       5975 res/SQLAnywhereServer.png
-r--r--r--      15103 res/SybaseCentral.png
-r--r--r--     691284 res/dblgde16_iso_1.res
-r--r--r--     697860 res/dblgde16_utf8.res
-r--r--r--     596932 res/dblgen16.res
-r--r--r--     725068 res/dblgfr16_iso_1.res
-r--r--r--     741652 res/dblgfr16_utf8.res
-r--r--r--     649316 res/dblgja16_eucjis.res
-r--r--r--     649308 res/dblgja16_sjis.res
-r--r--r--     854092 res/dblgja16_utf8.res
-r--r--r--     443724 res/dblgzh16_cp936.res
-r--r--r--     443708 res/dblgzh16_eucgb.res
-r--r--r--     553300 res/dblgzh16_utf8.res
-r--r--r--        663 samples/certificates/readme.txt
-rw-rw-rw-       4340 samples/certificates/rsaclient.id
-rw-rw-rw-       4352 samples/certificates/rsaclient_nopwd.id
-rw-rw-rw-       1241 samples/certificates/rsaroot.crt
-rw-rw-rw-       1785 samples/certificates/rsaroot.key
-rw-rw-rw-       4340 samples/certificates/rsaserver.id
-rw-rw-rw-       4340 samples/certificates/rsaserver_nopwd.id
-r--r--r--       6117 sdk/c/sacapidll.c
-r--r--r--        889 sdk/c/sqlcadat.c
-r--r--r--      15382 sdk/include/dbrmt.h
-r--r--r--       1020 sdk/include/dbtlvers.h
-r--r--r--      85581 sdk/include/dbtools.h
-r--r--r--       5088 sdk/include/dllapi.h
-r--r--r--        430 sdk/include/lictype.h
-r--r--r--      31752 sdk/include/mlfiletransfer.h
-r--r--r--     117757 sdk/include/odbc.h
-r--r--r--       2105 sdk/include/poppk.h
-r--r--r--       2232 sdk/include/pshpk1.h
-r--r--r--       2233 sdk/include/pshpk2.h
-r--r--r--       2214 sdk/include/pshpk4.h
-r--r--r--      45704 sdk/include/sacapi.h
-r--r--r--      12311 sdk/include/sacapidll.h
-r--r--r--      21012 sdk/include/saci.h
-r--r--r--      10944 sdk/include/saciloader.h
-r--r--r--       1978 sdk/include/saodbc.h
-r--r--r--      10782 sdk/include/sqlca.h
-r--r--r--       2420 sdk/include/sqlda.h
-r--r--r--       7144 sdk/include/sqldef.h
-r--r--r--      79726 sdk/include/sqlerr.h
-r--r--r--       9308 sdk/include/sqlfuncs.h
-r--r--r--       4807 sdk/include/sqlos.h
-r--r--r--      79590 sdk/include/sqlstate.h
-r--r--r--       2787 sdk/include/sqltype.h
-r--r--r--        459 sdk/include/unixodbc.h
-r--r--r--       8906 sdk/perlenv/Makefile.PL
-r--r--r--        956 sdk/perlenv/SAExtEnvIO.pm
-r--r--r--       1333 sdk/perlenv/SAPerlGlue.pm
-r--r--r--        616 sdk/perlenv/consts.h
-r--r--r--       1007 sdk/perlenv/dolink.pl
-r--r--r--       3569 sdk/perlenv/extenv.h
-r--r--r--        950 sdk/perlenv/langload.h
-r--r--r--       7528 sdk/perlenv/perlglue.xs
-r--r--r--       2884 sdk/phpenv/config.m4
-r--r--r--        616 sdk/phpenv/consts.h
-r--r--r--       3569 sdk/phpenv/extenv.h
-r--r--r--        950 sdk/phpenv/langload.h
-r--r--r--       1243 sdk/phpenv/php_sqlanywhere_extenv.h
-r--r--r--      61570 sdk/phpenv/sqlanywhere_extenv.c
-r--r--r--       2023 selinux/README
-r-xr-xr-x        373 selinux/buildfc.sh
-r--r--r--       1135 selinux/sqlanywhere.fct
-r--r--r--       2341 selinux/sqlanywhere.if
-r--r--r--       6880 selinux/sqlanywhere.te
-r--r--r--       8761 support/de/OnlineResources.html
-r--r--r--       7507 support/en/OnlineResources.html
-r--r--r--       8779 support/fr/OnlineResources.html
-r--r--r--       9296 support/ja/OnlineResources.html
-r--r--r--       7042 support/zh/OnlineResources.html
-r--r--r--     309872 thirdpartylegal/SAOnDemand1ThirdPartyLegal.pdf
-r--r--r--      56438 thirdpartylegal/SAOnDemand1ThirdPartyLegal.txt
-r--r--r--     174475 thirdpartylegal/SQLAnywhere16ThirdPartyLegal.doc
-r--r--r--     309959 thirdpartylegal/SQLAnywhere16ThirdPartyLegal.pdf
-r--r--r--      56420 thirdpartylegal/SQLAnywhere16ThirdPartyLegal.txt
-r--r--r--       6008 tix/default.tix
-r-xr-xr-x     202600 uninstall.sh
ok
